
Script my_shell_script.sh in bash started at 2024-11-15 11:01:52
Script my_shell_script.sh finished successfully at 2024-11-15 11:01:52
Output: Hello world!

Script analyze_data.jl in julia started at 2024-11-15 11:01:52
Script analyze_data.jl finished successfully at 2024-11-15 11:02:25
Output: ──────────────────────────────────────────────────────────────────────────
                 Coef.  Std. Error       t  Pr(>|t|)  Lower 95%  Upper 95%
──────────────────────────────────────────────────────────────────────────
(Intercept)   7.55849    0.208578    36.24    <1e-96   7.14754    7.96944
cty          -0.242404   0.0119972  -20.21    <1e-52  -0.266042  -0.218767
──────────────────────────────────────────────────────────────────────────
──────────────────────────────────────────────────────────────────────────
                 Coef.  Std. Error       t  Pr(>|t|)  Lower 95%  Upper 95%
──────────────────────────────────────────────────────────────────────────
(Intercept)   7.36757   0.221422     33.27    <1e-89   6.93132     7.80382
hwy          -0.166201  0.00915664  -18.15    <1e-45  -0.184242   -0.14816
──────────────────────────────────────────────────────────────────────────
─────────────────────────────────────────────────────────────────────────────
                   Coef.  Std. Error      t  Pr(>|t|)   Lower 95%   Upper 95%
─────────────────────────────────────────────────────────────────────────────
(Intercept)   7.56454      0.210629   35.91    <1e-95   7.14954     7.97954
hwy          -0.00678959   0.0292611  -0.23    0.8167  -0.0644423   0.0508631
cty          -0.233324     0.0409402  -5.70    <1e-07  -0.313988   -0.15266
─────────────────────────────────────────────────────────────────────────────

The following files were created in analyze_data.jl:
figure_hwy.png figure_city.png table_reg.tex 

make.sh finished at 2024-11-15 11:02:25
