make.sh started at 2024-08-06 07:04:27
Executing: StataMP wrangle_data.do
2024-08-06 07:04:28.025 StataMP[33188:1472787] WARNING: Secure coding is not enabled for restorable state! Enable secure coding by implementing NSApplicationDelegate.applicationSupportsSecureRestorableState: and returning YES.

  ___  ____  ____  ____  ____ ®
 /__    /   ____/   /   ____/      18.0
___/   /   /___/   /   /___/       MP—Parallel Edition

 Statistics and Data Science       Copyright 1985-2023 StataCorp LLC
                                   StataCorp
                                   4905 Lakeway Drive
                                   College Station, Texas 77845 USA
                                   800-STATA-PC        https://www.stata.com
                                   979-696-4600        stata@stata.com

Stata license: Unlimited-user 4-core network, expiring 21 Jul 2025
Serial number: 501809310346
  Licensed to: Shiqi Yang
               Stanford University

Notes:
      1. Stata is running in batch mode.
      2. Unicode is supported; see help unicode_advice.
      3. More than 2 billion observations are allowed; see help obs_advice.
      4. Maximum number of variables is set to 5,000 but can be increased; see help set_maxvar.

. do wrangle_data.do 

. * =============================================================================
. * Short description of script's purpose
. * =============================================================================
. 
. clear all

. adopath + "../../lib/stata"
  [1]  (BASE)      "/Applications/Stata/ado/base/"
  [2]  (SITE)      "/Applications/Stata/ado/site/"
  [3]              "."
  [4]  (PERSONAL)  "/Users/shiqiyang/Documents/Stata/ado/personal/"
  [5]  (PLUS)      "/Users/shiqiyang/Library/Application Support/Stata/ado/plus/"
  [6]  (OLDPLACE)  "~/ado/"
  [7]              "../../lib/stata"

. 
. * =============================================================================
. 
. program main
  1.     insheet using "../input/mpg.csv", comma clear
  2.     clean_data
  3.     save "../output/mpg.dta", replace
  4. end

. 
. program clean_data
  1.     di ""
  2.     * Some data wrangling steps here
. end

. 
. * Execute
. main
(11 vars, 234 obs)

(file ../output/mpg.dta not found)
file ../output/mpg.dta saved

. 
end of do-file
make.sh finished at 2024-08-06 07:04:28
